HERest -A -D -T 1 -s /mnt/w/BIOITACA/TESIS/2022/Tesis_Experimentacion/001_MCA/HTK_MCA_Tesis/linux_scripts/results/Num55/herest.55.3.stats -C /mnt/w/BIOITACA/TESIS/2022/Tesis_Experimentacion/001_MCA/HTK_MCA_Tesis/linux_scripts/config/HTK.config -I /mnt/w/BIOITACA/TESIS/2022/Tesis_Experimentacion/001_MCA/HTK_MCA_Tesis/data/train.mlf -S /mnt/w/BIOITACA/TESIS/2022/Tesis_Experimentacion/001_MCA/HTK_MCA_Tesis/data/mfclist.train -H /mnt/w/BIOITACA/TESIS/2022/Tesis_Experimentacion/001_MCA/HTK_MCA_Tesis/linux_scripts/HMMFiles/NumSt55/HMM2/CONTROL.hmm -H /mnt/w/BIOITACA/TESIS/2022/Tesis_Experimentacion/001_MCA/HTK_MCA_Tesis/linux_scripts/HMMFiles/NumSt55/HMM2/PACIENTE.hmm -H /mnt/w/BIOITACA/TESIS/2022/Tesis_Experimentacion/001_MCA/HTK_MCA_Tesis/linux_scripts/HMMFiles/NumSt55/HMM2/vFloors -L /mnt/w/BIOITACA/TESIS/2022/Tesis_Experimentacion/001_MCA/HTK_MCA_Tesis/data/LAB -M /mnt/w/BIOITACA/TESIS/2022/Tesis_Experimentacion/001_MCA/HTK_MCA_Tesis/linux_scripts/HMMFiles/NumSt55/HMM3 /mnt/w/BIOITACA/TESIS/2022/Tesis_Experimentacion/001_MCA/HTK_MCA_Tesis/linux_scripts/config/units 

HTK Configuration Parameters[1]
  Module/Tool     Parameter                  Value
#                 TARGETKIND                  USER

HERest  ML Updating: Transitions Means Variances 

 System is PLAIN
2 Logical/2 Physical Models Loaded, VecSize=42
3 MMF input files
Pruning-Off
 Processing Data: CONTROLES.MCA.1295057.mfc; Label CONTROLES.MCA.1295057.lab
 Utterance prob per frame = 9.644859e+01
 Processing Data: CONTROLES.MCA.1532571.mfc; Label CONTROLES.MCA.1532571.lab
 Utterance prob per frame = 1.001569e+02
 Processing Data: CONTROLES.MCA.1626494.mfc; Label CONTROLES.MCA.1626494.lab
 Utterance prob per frame = 1.134754e+02
 Processing Data: CONTROLES.MCA.1656915.mfc; Label CONTROLES.MCA.1656915.lab
 Utterance prob per frame = 8.513439e+01
 Processing Data: CONTROLES.MCA.2098524.mfc; Label CONTROLES.MCA.2098524.lab
 Utterance prob per frame = 6.728536e+01
 Processing Data: CONTROLES.MCA.3124964.mfc; Label CONTROLES.MCA.3124964.lab
 Utterance prob per frame = 8.237809e+01
 Processing Data: CONTROLES.MCA.3526541.mfc; Label CONTROLES.MCA.3526541.lab
 Utterance prob per frame = 8.410841e+01
 Processing Data: CONTROLES.MCA.4137166.mfc; Label CONTROLES.MCA.4137166.lab
 Utterance prob per frame = 8.146495e+01
 Processing Data: CONTROLES.MCA.4174904.mfc; Label CONTROLES.MCA.4174904.lab
 Utterance prob per frame = 9.069168e+01
 Processing Data: CONTROLES.MCA.6177252.mfc; Label CONTROLES.MCA.6177252.lab
 Utterance prob per frame = 8.684168e+01
 Processing Data: CONTROLES.MCA.6201042.mfc; Label CONTROLES.MCA.6201042.lab
 Utterance prob per frame = 8.424364e+01
 Processing Data: CONTROLES.MCA.6235678.mfc; Label CONTROLES.MCA.6235678.lab
 Utterance prob per frame = 9.430814e+01
 Processing Data: CONTROLES.MCA.6273167.mfc; Label CONTROLES.MCA.6273167.lab
 Utterance prob per frame = 9.577970e+01
 Processing Data: CONTROLES.MCA.6274893.mfc; Label CONTROLES.MCA.6274893.lab
 Utterance prob per frame = 8.090120e+01
 Processing Data: CONTROLES.MCA.6282464.mfc; Label CONTROLES.MCA.6282464.lab
 Utterance prob per frame = 9.457838e+01
 Processing Data: CONTROLES.MCA.6287361.mfc; Label CONTROLES.MCA.6287361.lab
 Utterance prob per frame = 8.823612e+01
 Processing Data: CONTROLES.MCA.6323861.mfc; Label CONTROLES.MCA.6323861.lab
 Utterance prob per frame = 9.514254e+01
 Processing Data: CONTROLES.MCA.6323864.mfc; Label CONTROLES.MCA.6323864.lab
 Utterance prob per frame = 8.060501e+01
 Processing Data: CONTROLES.MCA.6326339.mfc; Label CONTROLES.MCA.6326339.lab
 Utterance prob per frame = 8.824515e+01
 Processing Data: CONTROLES.MCA.6331864.mfc; Label CONTROLES.MCA.6331864.lab
 Utterance prob per frame = 8.240823e+01
 Processing Data: CONTROLES.MCA.6336349.mfc; Label CONTROLES.MCA.6336349.lab
 Utterance prob per frame = 8.859332e+01
 Processing Data: CONTROLES.MCA.6336352.mfc; Label CONTROLES.MCA.6336352.lab
 Utterance prob per frame = 8.640960e+01
 Processing Data: CONTROLES.MCA.6385548.mfc; Label CONTROLES.MCA.6385548.lab
 Utterance prob per frame = 7.822114e+01
 Processing Data: CONTROLES.MCA.6385552.mfc; Label CONTROLES.MCA.6385552.lab
 Utterance prob per frame = 2.523472e+01
 Processing Data: CONTROLES.MCA.6411674.mfc; Label CONTROLES.MCA.6411674.lab
 Utterance prob per frame = 9.946506e+01
 Processing Data: CONTROLES.MCA.6460226.mfc; Label CONTROLES.MCA.6460226.lab
 Utterance prob per frame = 7.496621e+01
 Processing Data: CONTROLES.MCA.6460231.mfc; Label CONTROLES.MCA.6460231.lab
 Utterance prob per frame = 8.090440e+01
 Processing Data: CONTROLES.MCA.6461279.mfc; Label CONTROLES.MCA.6461279.lab
 Utterance prob per frame = 8.892593e+01
 Processing Data: CONTROLES.MCA.6500137.mfc; Label CONTROLES.MCA.6500137.lab
 Utterance prob per frame = 6.054655e+01
 Processing Data: CONTROLES.MCA.6535750.mfc; Label CONTROLES.MCA.6535750.lab
 Utterance prob per frame = 8.663315e+01
 Processing Data: CONTROLES.MCA.6633813.mfc; Label CONTROLES.MCA.6633813.lab
 Utterance prob per frame = 8.627674e+01
 Processing Data: CONTROLES.MCA.6633819.mfc; Label CONTROLES.MCA.6633819.lab
 Utterance prob per frame = 7.801198e+01
 Processing Data: PACIENTES.biV.1371379.mfc; Label PACIENTES.biV.1371379.lab
 Utterance prob per frame = 8.754629e+01
 Processing Data: PACIENTES.biV.1379101.mfc; Label PACIENTES.biV.1379101.lab
 Utterance prob per frame = 9.910465e+01
 Processing Data: PACIENTES.biV.1445671.mfc; Label PACIENTES.biV.1445671.lab
 Utterance prob per frame = 1.008401e+02
 Processing Data: PACIENTES.biV.1674556.mfc; Label PACIENTES.biV.1674556.lab
 Utterance prob per frame = 1.010204e+02
 Processing Data: PACIENTES.biV.4505642.mfc; Label PACIENTES.biV.4505642.lab
 Utterance prob per frame = 1.025371e+02
 Processing Data: PACIENTES.biV.6190472.mfc; Label PACIENTES.biV.6190472.lab
 Utterance prob per frame = 1.022228e+02
 Processing Data: PACIENTES.biV.6218318.mfc; Label PACIENTES.biV.6218318.lab
 Utterance prob per frame = 9.226657e+01
 Processing Data: PACIENTES.biV.6218352.mfc; Label PACIENTES.biV.6218352.lab
 Utterance prob per frame = 8.761885e+01
 Processing Data: PACIENTES.biV.6528495.mfc; Label PACIENTES.biV.6528495.lab
 Utterance prob per frame = 8.874353e+01
 Processing Data: PACIENTES.biV.6529777.mfc; Label PACIENTES.biV.6529777.lab
 Utterance prob per frame = 9.045587e+01
 Processing Data: PACIENTES.biV.6696393.mfc; Label PACIENTES.biV.6696393.lab
 Utterance prob per frame = 9.748323e+01
 Processing Data: PACIENTES.VI.1327986.mfc; Label PACIENTES.VI.1327986.lab
 Utterance prob per frame = 9.747150e+01
 Processing Data: PACIENTES.VI.1665794.mfc; Label PACIENTES.VI.1665794.lab
 Utterance prob per frame = 1.049052e+02
 Processing Data: PACIENTES.VI.2237807.mfc; Label PACIENTES.VI.2237807.lab
 Utterance prob per frame = 1.084809e+02
 Processing Data: PACIENTES.VI.6124653.mfc; Label PACIENTES.VI.6124653.lab
 Utterance prob per frame = 8.443176e+01
 Processing Data: PACIENTES.VI.6191707.mfc; Label PACIENTES.VI.6191707.lab
 Utterance prob per frame = 9.094062e+01
 Processing Data: PACIENTES.VI.6198673.mfc; Label PACIENTES.VI.6198673.lab
 Utterance prob per frame = 8.340407e+01
 Processing Data: PACIENTES.VI.6212030.mfc; Label PACIENTES.VI.6212030.lab
 Utterance prob per frame = 9.074583e+01
 Processing Data: PACIENTES.VI.6246279.mfc; Label PACIENTES.VI.6246279.lab
 Utterance prob per frame = 9.120742e+01
 Processing Data: PACIENTES.VI.6260089.mfc; Label PACIENTES.VI.6260089.lab
 Utterance prob per frame = 1.016254e+02
 Processing Data: PACIENTES.VI.6260092.mfc; Label PACIENTES.VI.6260092.lab
 Utterance prob per frame = 9.817375e+01
 Processing Data: PACIENTES.VI.6287357.mfc; Label PACIENTES.VI.6287357.lab
 Utterance prob per frame = 8.333811e+01
 Processing Data: PACIENTES.VI.6307384.mfc; Label PACIENTES.VI.6307384.lab
 Utterance prob per frame = 5.138825e+01
 Processing Data: PACIENTES.VI.6326340.mfc; Label PACIENTES.VI.6326340.lab
 Utterance prob per frame = 8.065816e+01
 Processing Data: PACIENTES.VI.6370679.mfc; Label PACIENTES.VI.6370679.lab
 Utterance prob per frame = 8.012917e+01
 Processing Data: PACIENTES.VI.6385550.mfc; Label PACIENTES.VI.6385550.lab
 Utterance prob per frame = 8.888945e+01
 Processing Data: PACIENTES.VI.6438018.mfc; Label PACIENTES.VI.6438018.lab
 Utterance prob per frame = 1.040544e+02
 Processing Data: PACIENTES.VI.6439910.mfc; Label PACIENTES.VI.6439910.lab
 Utterance prob per frame = 9.950829e+01
 Processing Data: PACIENTES.VI.6672379.mfc; Label PACIENTES.VI.6672379.lab
 Utterance prob per frame = 1.139436e+02
Total 28 floored variance elements in 19 different mixes
Saving hmm's to dir /mnt/w/BIOITACA/TESIS/2022/Tesis_Experimentacion/001_MCA/HTK_MCA_Tesis/linux_scripts/HMMFiles/NumSt55/HMM3
Reestimation complete - average log prob per frame = 8.868455e+01
     - total frames seen          = 2.745000e+05

HTK Configuration Parameters[1]
  Module/Tool     Parameter                  Value
                  TARGETKIND                  USER

