HERest -A -D -T 1 -s /mnt/w/BIOITACA/TESIS/2022/Tesis_Experimentacion/001_MCA/HTK_MCA_Tesis/linux_scripts/results/Num30/herest.30.8.stats -C /mnt/w/BIOITACA/TESIS/2022/Tesis_Experimentacion/001_MCA/HTK_MCA_Tesis/linux_scripts/config/HTK.config -I /mnt/w/BIOITACA/TESIS/2022/Tesis_Experimentacion/001_MCA/HTK_MCA_Tesis/data/train.mlf -S /mnt/w/BIOITACA/TESIS/2022/Tesis_Experimentacion/001_MCA/HTK_MCA_Tesis/data/mfclist.train -H /mnt/w/BIOITACA/TESIS/2022/Tesis_Experimentacion/001_MCA/HTK_MCA_Tesis/linux_scripts/HMMFiles/NumSt30/HMM7/CONTROL.hmm -H /mnt/w/BIOITACA/TESIS/2022/Tesis_Experimentacion/001_MCA/HTK_MCA_Tesis/linux_scripts/HMMFiles/NumSt30/HMM7/PACIENTE.hmm -H /mnt/w/BIOITACA/TESIS/2022/Tesis_Experimentacion/001_MCA/HTK_MCA_Tesis/linux_scripts/HMMFiles/NumSt30/HMM7/vFloors -L /mnt/w/BIOITACA/TESIS/2022/Tesis_Experimentacion/001_MCA/HTK_MCA_Tesis/data/LAB -M /mnt/w/BIOITACA/TESIS/2022/Tesis_Experimentacion/001_MCA/HTK_MCA_Tesis/linux_scripts/HMMFiles/NumSt30/HMM8 /mnt/w/BIOITACA/TESIS/2022/Tesis_Experimentacion/001_MCA/HTK_MCA_Tesis/linux_scripts/config/units 

HTK Configuration Parameters[1]
  Module/Tool     Parameter                  Value
#                 TARGETKIND                  USER

HERest  ML Updating: Transitions Means Variances MixWeights 

 System is PLAIN
2 Logical/2 Physical Models Loaded, VecSize=42
3 MMF input files
Pruning-Off
 Processing Data: CONTROLES.MCA.1295057.mfc; Label CONTROLES.MCA.1295057.lab
 Utterance prob per frame = 1.077541e+02
 Processing Data: CONTROLES.MCA.1532571.mfc; Label CONTROLES.MCA.1532571.lab
 Utterance prob per frame = 1.139224e+02
 Processing Data: CONTROLES.MCA.1626494.mfc; Label CONTROLES.MCA.1626494.lab
 Utterance prob per frame = 1.486064e+02
 Processing Data: CONTROLES.MCA.1656915.mfc; Label CONTROLES.MCA.1656915.lab
 Utterance prob per frame = 9.267643e+01
 Processing Data: CONTROLES.MCA.2098524.mfc; Label CONTROLES.MCA.2098524.lab
 Utterance prob per frame = 7.939762e+01
 Processing Data: CONTROLES.MCA.3124964.mfc; Label CONTROLES.MCA.3124964.lab
 Utterance prob per frame = 9.409144e+01
 Processing Data: CONTROLES.MCA.3526541.mfc; Label CONTROLES.MCA.3526541.lab
 Utterance prob per frame = 9.089345e+01
 Processing Data: CONTROLES.MCA.4137166.mfc; Label CONTROLES.MCA.4137166.lab
 Utterance prob per frame = 9.021239e+01
 Processing Data: CONTROLES.MCA.4174904.mfc; Label CONTROLES.MCA.4174904.lab
 Utterance prob per frame = 1.002017e+02
 Processing Data: CONTROLES.MCA.6177252.mfc; Label CONTROLES.MCA.6177252.lab
 Utterance prob per frame = 9.479301e+01
 Processing Data: CONTROLES.MCA.6201042.mfc; Label CONTROLES.MCA.6201042.lab
 Utterance prob per frame = 9.681823e+01
 Processing Data: CONTROLES.MCA.6235678.mfc; Label CONTROLES.MCA.6235678.lab
 Utterance prob per frame = 1.010818e+02
 Processing Data: CONTROLES.MCA.6273167.mfc; Label CONTROLES.MCA.6273167.lab
 Utterance prob per frame = 1.103032e+02
 Processing Data: CONTROLES.MCA.6274893.mfc; Label CONTROLES.MCA.6274893.lab
 Utterance prob per frame = 8.543274e+01
 Processing Data: CONTROLES.MCA.6282464.mfc; Label CONTROLES.MCA.6282464.lab
 Utterance prob per frame = 1.236617e+02
 Processing Data: CONTROLES.MCA.6287361.mfc; Label CONTROLES.MCA.6287361.lab
 Utterance prob per frame = 1.048937e+02
 Processing Data: CONTROLES.MCA.6323861.mfc; Label CONTROLES.MCA.6323861.lab
 Utterance prob per frame = 1.110692e+02
 Processing Data: CONTROLES.MCA.6323864.mfc; Label CONTROLES.MCA.6323864.lab
 Utterance prob per frame = 9.269478e+01
 Processing Data: CONTROLES.MCA.6326339.mfc; Label CONTROLES.MCA.6326339.lab
 Utterance prob per frame = 9.717091e+01
 Processing Data: CONTROLES.MCA.6331864.mfc; Label CONTROLES.MCA.6331864.lab
 Utterance prob per frame = 8.931910e+01
 Processing Data: CONTROLES.MCA.6336349.mfc; Label CONTROLES.MCA.6336349.lab
 Utterance prob per frame = 1.114275e+02
 Processing Data: CONTROLES.MCA.6336352.mfc; Label CONTROLES.MCA.6336352.lab
 Utterance prob per frame = 1.052079e+02
 Processing Data: CONTROLES.MCA.6385548.mfc; Label CONTROLES.MCA.6385548.lab
 Utterance prob per frame = 8.280944e+01
 Processing Data: CONTROLES.MCA.6385552.mfc; Label CONTROLES.MCA.6385552.lab
 Utterance prob per frame = 6.920392e+01
 Processing Data: CONTROLES.MCA.6411674.mfc; Label CONTROLES.MCA.6411674.lab
 Utterance prob per frame = 1.359006e+02
 Processing Data: CONTROLES.MCA.6460226.mfc; Label CONTROLES.MCA.6460226.lab
 Utterance prob per frame = 8.798801e+01
 Processing Data: CONTROLES.MCA.6460231.mfc; Label CONTROLES.MCA.6460231.lab
 Utterance prob per frame = 9.404167e+01
 Processing Data: CONTROLES.MCA.6461279.mfc; Label CONTROLES.MCA.6461279.lab
 Utterance prob per frame = 1.121752e+02
 Processing Data: CONTROLES.MCA.6500137.mfc; Label CONTROLES.MCA.6500137.lab
 Utterance prob per frame = 7.523168e+01
 Processing Data: CONTROLES.MCA.6535750.mfc; Label CONTROLES.MCA.6535750.lab
 Utterance prob per frame = 1.019478e+02
 Processing Data: CONTROLES.MCA.6633813.mfc; Label CONTROLES.MCA.6633813.lab
 Utterance prob per frame = 1.001294e+02
 Processing Data: CONTROLES.MCA.6633819.mfc; Label CONTROLES.MCA.6633819.lab
 Utterance prob per frame = 8.699845e+01
 Processing Data: PACIENTES.biV.1371379.mfc; Label PACIENTES.biV.1371379.lab
 Utterance prob per frame = 1.225045e+02
 Processing Data: PACIENTES.biV.1379101.mfc; Label PACIENTES.biV.1379101.lab
 Utterance prob per frame = 1.248632e+02
 Processing Data: PACIENTES.biV.1445671.mfc; Label PACIENTES.biV.1445671.lab
 Utterance prob per frame = 1.344611e+02
 Processing Data: PACIENTES.biV.1674556.mfc; Label PACIENTES.biV.1674556.lab
 Utterance prob per frame = 1.345483e+02
 Processing Data: PACIENTES.biV.4505642.mfc; Label PACIENTES.biV.4505642.lab
 Utterance prob per frame = 1.242658e+02
 Processing Data: PACIENTES.biV.6190472.mfc; Label PACIENTES.biV.6190472.lab
 Utterance prob per frame = 1.344874e+02
 Processing Data: PACIENTES.biV.6218318.mfc; Label PACIENTES.biV.6218318.lab
 Utterance prob per frame = 1.293844e+02
 Processing Data: PACIENTES.biV.6218352.mfc; Label PACIENTES.biV.6218352.lab
 Utterance prob per frame = 1.088813e+02
 Processing Data: PACIENTES.biV.6528495.mfc; Label PACIENTES.biV.6528495.lab
 Utterance prob per frame = 1.102710e+02
 Processing Data: PACIENTES.biV.6529777.mfc; Label PACIENTES.biV.6529777.lab
 Utterance prob per frame = 1.044101e+02
 Processing Data: PACIENTES.biV.6696393.mfc; Label PACIENTES.biV.6696393.lab
 Utterance prob per frame = 1.201884e+02
 Processing Data: PACIENTES.VI.1327986.mfc; Label PACIENTES.VI.1327986.lab
 Utterance prob per frame = 1.315067e+02
 Processing Data: PACIENTES.VI.1665794.mfc; Label PACIENTES.VI.1665794.lab
 Utterance prob per frame = 1.259851e+02
 Processing Data: PACIENTES.VI.2237807.mfc; Label PACIENTES.VI.2237807.lab
 Utterance prob per frame = 1.263280e+02
 Processing Data: PACIENTES.VI.6124653.mfc; Label PACIENTES.VI.6124653.lab
 Utterance prob per frame = 1.019231e+02
 Processing Data: PACIENTES.VI.6191707.mfc; Label PACIENTES.VI.6191707.lab
 Utterance prob per frame = 1.086483e+02
 Processing Data: PACIENTES.VI.6198673.mfc; Label PACIENTES.VI.6198673.lab
 Utterance prob per frame = 1.057490e+02
 Processing Data: PACIENTES.VI.6212030.mfc; Label PACIENTES.VI.6212030.lab
 Utterance prob per frame = 1.144602e+02
 Processing Data: PACIENTES.VI.6246279.mfc; Label PACIENTES.VI.6246279.lab
 Utterance prob per frame = 1.146558e+02
 Processing Data: PACIENTES.VI.6260089.mfc; Label PACIENTES.VI.6260089.lab
 Utterance prob per frame = 1.343353e+02
 Processing Data: PACIENTES.VI.6260092.mfc; Label PACIENTES.VI.6260092.lab
 Utterance prob per frame = 1.080342e+02
 Processing Data: PACIENTES.VI.6287357.mfc; Label PACIENTES.VI.6287357.lab
 Utterance prob per frame = 1.168393e+02
 Processing Data: PACIENTES.VI.6307384.mfc; Label PACIENTES.VI.6307384.lab
 Utterance prob per frame = 8.764517e+01
 Processing Data: PACIENTES.VI.6326340.mfc; Label PACIENTES.VI.6326340.lab
 Utterance prob per frame = 9.909525e+01
 Processing Data: PACIENTES.VI.6370679.mfc; Label PACIENTES.VI.6370679.lab
 Utterance prob per frame = 1.050407e+02
 Processing Data: PACIENTES.VI.6385550.mfc; Label PACIENTES.VI.6385550.lab
 Utterance prob per frame = 1.323977e+02
 Processing Data: PACIENTES.VI.6438018.mfc; Label PACIENTES.VI.6438018.lab
 Utterance prob per frame = 1.354581e+02
 Processing Data: PACIENTES.VI.6439910.mfc; Label PACIENTES.VI.6439910.lab
 Utterance prob per frame = 1.293418e+02
 Processing Data: PACIENTES.VI.6672379.mfc; Label PACIENTES.VI.6672379.lab
 Utterance prob per frame = 1.300378e+02
Total 135 floored variance elements in 32 different mixes
Saving hmm's to dir /mnt/w/BIOITACA/TESIS/2022/Tesis_Experimentacion/001_MCA/HTK_MCA_Tesis/linux_scripts/HMMFiles/NumSt30/HMM8
Reestimation complete - average log prob per frame = 1.089148e+02
     - total frames seen          = 2.745000e+05

HTK Configuration Parameters[1]
  Module/Tool     Parameter                  Value
                  TARGETKIND                  USER

