HERest -A -D -T 1 -s /mnt/w/BIOITACA/TESIS/2022/Tesis_Experimentacion/001_MCA/HTK_MCA_Tesis/linux_scripts/results/Num45/herest.45.14.stats -C /mnt/w/BIOITACA/TESIS/2022/Tesis_Experimentacion/001_MCA/HTK_MCA_Tesis/linux_scripts/config/HTK.config -I /mnt/w/BIOITACA/TESIS/2022/Tesis_Experimentacion/001_MCA/HTK_MCA_Tesis/data/train.mlf -S /mnt/w/BIOITACA/TESIS/2022/Tesis_Experimentacion/001_MCA/HTK_MCA_Tesis/data/mfclist.train -H /mnt/w/BIOITACA/TESIS/2022/Tesis_Experimentacion/001_MCA/HTK_MCA_Tesis/linux_scripts/HMMFiles/NumSt45/HMM13/CONTROL.hmm -H /mnt/w/BIOITACA/TESIS/2022/Tesis_Experimentacion/001_MCA/HTK_MCA_Tesis/linux_scripts/HMMFiles/NumSt45/HMM13/PACIENTE.hmm -H /mnt/w/BIOITACA/TESIS/2022/Tesis_Experimentacion/001_MCA/HTK_MCA_Tesis/linux_scripts/HMMFiles/NumSt45/HMM13/vFloors -L /mnt/w/BIOITACA/TESIS/2022/Tesis_Experimentacion/001_MCA/HTK_MCA_Tesis/data/LAB -M /mnt/w/BIOITACA/TESIS/2022/Tesis_Experimentacion/001_MCA/HTK_MCA_Tesis/linux_scripts/HMMFiles/NumSt45/HMM14 /mnt/w/BIOITACA/TESIS/2022/Tesis_Experimentacion/001_MCA/HTK_MCA_Tesis/linux_scripts/config/units 

HTK Configuration Parameters[1]
  Module/Tool     Parameter                  Value
#                 TARGETKIND                  USER

HERest  ML Updating: Transitions Means Variances MixWeights 

 System is PLAIN
2 Logical/2 Physical Models Loaded, VecSize=42
3 MMF input files
Pruning-Off
 Processing Data: CONTROLES.MCA.1295057.mfc; Label CONTROLES.MCA.1295057.lab
 Utterance prob per frame = 1.309312e+02
 Processing Data: CONTROLES.MCA.1532571.mfc; Label CONTROLES.MCA.1532571.lab
 Utterance prob per frame = 1.362222e+02
 Processing Data: CONTROLES.MCA.1626494.mfc; Label CONTROLES.MCA.1626494.lab
 Utterance prob per frame = 1.512545e+02
 Processing Data: CONTROLES.MCA.1656915.mfc; Label CONTROLES.MCA.1656915.lab
 Utterance prob per frame = 1.211129e+02
 Processing Data: CONTROLES.MCA.2098524.mfc; Label CONTROLES.MCA.2098524.lab
 Utterance prob per frame = 1.250912e+02
 Processing Data: CONTROLES.MCA.3124964.mfc; Label CONTROLES.MCA.3124964.lab
 Utterance prob per frame = 1.352632e+02
 Processing Data: CONTROLES.MCA.3526541.mfc; Label CONTROLES.MCA.3526541.lab
 Utterance prob per frame = 1.140144e+02
 Processing Data: CONTROLES.MCA.4137166.mfc; Label CONTROLES.MCA.4137166.lab
 Utterance prob per frame = 1.276762e+02
 Processing Data: CONTROLES.MCA.4174904.mfc; Label CONTROLES.MCA.4174904.lab
 Utterance prob per frame = 1.196904e+02
 Processing Data: CONTROLES.MCA.6177252.mfc; Label CONTROLES.MCA.6177252.lab
 Utterance prob per frame = 1.218960e+02
 Processing Data: CONTROLES.MCA.6201042.mfc; Label CONTROLES.MCA.6201042.lab
 Utterance prob per frame = 1.287659e+02
 Processing Data: CONTROLES.MCA.6235678.mfc; Label CONTROLES.MCA.6235678.lab
 Utterance prob per frame = 1.281538e+02
 Processing Data: CONTROLES.MCA.6273167.mfc; Label CONTROLES.MCA.6273167.lab
 Utterance prob per frame = 1.373618e+02
 Processing Data: CONTROLES.MCA.6274893.mfc; Label CONTROLES.MCA.6274893.lab
 Utterance prob per frame = 1.038972e+02
 Processing Data: CONTROLES.MCA.6282464.mfc; Label CONTROLES.MCA.6282464.lab
 Utterance prob per frame = 1.340414e+02
 Processing Data: CONTROLES.MCA.6287361.mfc; Label CONTROLES.MCA.6287361.lab
 Utterance prob per frame = 1.369941e+02
 Processing Data: CONTROLES.MCA.6323861.mfc; Label CONTROLES.MCA.6323861.lab
 Utterance prob per frame = 1.355264e+02
 Processing Data: CONTROLES.MCA.6323864.mfc; Label CONTROLES.MCA.6323864.lab
 Utterance prob per frame = 1.263101e+02
 Processing Data: CONTROLES.MCA.6326339.mfc; Label CONTROLES.MCA.6326339.lab
 Utterance prob per frame = 1.162347e+02
 Processing Data: CONTROLES.MCA.6331864.mfc; Label CONTROLES.MCA.6331864.lab
 Utterance prob per frame = 1.164681e+02
 Processing Data: CONTROLES.MCA.6336349.mfc; Label CONTROLES.MCA.6336349.lab
 Utterance prob per frame = 1.414513e+02
 Processing Data: CONTROLES.MCA.6336352.mfc; Label CONTROLES.MCA.6336352.lab
 Utterance prob per frame = 1.381081e+02
 Processing Data: CONTROLES.MCA.6385548.mfc; Label CONTROLES.MCA.6385548.lab
 Utterance prob per frame = 1.050526e+02
 Processing Data: CONTROLES.MCA.6385552.mfc; Label CONTROLES.MCA.6385552.lab
 Utterance prob per frame = 7.023562e+01
 Processing Data: CONTROLES.MCA.6411674.mfc; Label CONTROLES.MCA.6411674.lab
 Utterance prob per frame = 1.477418e+02
 Processing Data: CONTROLES.MCA.6460226.mfc; Label CONTROLES.MCA.6460226.lab
 Utterance prob per frame = 1.112170e+02
 Processing Data: CONTROLES.MCA.6460231.mfc; Label CONTROLES.MCA.6460231.lab
 Utterance prob per frame = 1.185209e+02
 Processing Data: CONTROLES.MCA.6461279.mfc; Label CONTROLES.MCA.6461279.lab
 Utterance prob per frame = 1.400882e+02
 Processing Data: CONTROLES.MCA.6500137.mfc; Label CONTROLES.MCA.6500137.lab
 Utterance prob per frame = 1.119741e+02
 Processing Data: CONTROLES.MCA.6535750.mfc; Label CONTROLES.MCA.6535750.lab
 Utterance prob per frame = 1.270358e+02
 Processing Data: CONTROLES.MCA.6633813.mfc; Label CONTROLES.MCA.6633813.lab
 Utterance prob per frame = 1.304684e+02
 Processing Data: CONTROLES.MCA.6633819.mfc; Label CONTROLES.MCA.6633819.lab
 Utterance prob per frame = 1.203583e+02
 Processing Data: PACIENTES.biV.1371379.mfc; Label PACIENTES.biV.1371379.lab
 Utterance prob per frame = 1.370038e+02
 Processing Data: PACIENTES.biV.1379101.mfc; Label PACIENTES.biV.1379101.lab
 Utterance prob per frame = 1.334760e+02
 Processing Data: PACIENTES.biV.1445671.mfc; Label PACIENTES.biV.1445671.lab
 Utterance prob per frame = 1.407632e+02
 Processing Data: PACIENTES.biV.1674556.mfc; Label PACIENTES.biV.1674556.lab
 Utterance prob per frame = 1.421674e+02
 Processing Data: PACIENTES.biV.4505642.mfc; Label PACIENTES.biV.4505642.lab
 Utterance prob per frame = 1.353002e+02
 Processing Data: PACIENTES.biV.6190472.mfc; Label PACIENTES.biV.6190472.lab
 Utterance prob per frame = 1.453752e+02
 Processing Data: PACIENTES.biV.6218318.mfc; Label PACIENTES.biV.6218318.lab
 Utterance prob per frame = 1.403432e+02
 Processing Data: PACIENTES.biV.6218352.mfc; Label PACIENTES.biV.6218352.lab
 Utterance prob per frame = 1.246795e+02
 Processing Data: PACIENTES.biV.6528495.mfc; Label PACIENTES.biV.6528495.lab
 Utterance prob per frame = 1.229400e+02
 Processing Data: PACIENTES.biV.6529777.mfc; Label PACIENTES.biV.6529777.lab
 Utterance prob per frame = 1.182075e+02
 Processing Data: PACIENTES.biV.6696393.mfc; Label PACIENTES.biV.6696393.lab
 Utterance prob per frame = 1.287489e+02
 Processing Data: PACIENTES.VI.1327986.mfc; Label PACIENTES.VI.1327986.lab
 Utterance prob per frame = 1.380176e+02
 Processing Data: PACIENTES.VI.1665794.mfc; Label PACIENTES.VI.1665794.lab
 Utterance prob per frame = 1.312697e+02
 Processing Data: PACIENTES.VI.2237807.mfc; Label PACIENTES.VI.2237807.lab
 Utterance prob per frame = 1.346313e+02
 Processing Data: PACIENTES.VI.6124653.mfc; Label PACIENTES.VI.6124653.lab
 Utterance prob per frame = 1.184015e+02
 Processing Data: PACIENTES.VI.6191707.mfc; Label PACIENTES.VI.6191707.lab
 Utterance prob per frame = 1.225528e+02
 Processing Data: PACIENTES.VI.6198673.mfc; Label PACIENTES.VI.6198673.lab
 Utterance prob per frame = 1.226425e+02
 Processing Data: PACIENTES.VI.6212030.mfc; Label PACIENTES.VI.6212030.lab
 Utterance prob per frame = 1.259426e+02
 Processing Data: PACIENTES.VI.6246279.mfc; Label PACIENTES.VI.6246279.lab
 Utterance prob per frame = 1.242164e+02
 Processing Data: PACIENTES.VI.6260089.mfc; Label PACIENTES.VI.6260089.lab
 Utterance prob per frame = 1.437404e+02
 Processing Data: PACIENTES.VI.6260092.mfc; Label PACIENTES.VI.6260092.lab
 Utterance prob per frame = 1.211935e+02
 Processing Data: PACIENTES.VI.6287357.mfc; Label PACIENTES.VI.6287357.lab
 Utterance prob per frame = 1.361308e+02
 Processing Data: PACIENTES.VI.6307384.mfc; Label PACIENTES.VI.6307384.lab
 Utterance prob per frame = 1.218000e+02
 Processing Data: PACIENTES.VI.6326340.mfc; Label PACIENTES.VI.6326340.lab
 Utterance prob per frame = 1.160168e+02
 Processing Data: PACIENTES.VI.6370679.mfc; Label PACIENTES.VI.6370679.lab
 Utterance prob per frame = 1.164121e+02
 Processing Data: PACIENTES.VI.6385550.mfc; Label PACIENTES.VI.6385550.lab
 Utterance prob per frame = 1.429836e+02
 Processing Data: PACIENTES.VI.6438018.mfc; Label PACIENTES.VI.6438018.lab
 Utterance prob per frame = 1.444034e+02
 Processing Data: PACIENTES.VI.6439910.mfc; Label PACIENTES.VI.6439910.lab
 Utterance prob per frame = 1.400258e+02
 Processing Data: PACIENTES.VI.6672379.mfc; Label PACIENTES.VI.6672379.lab
 Utterance prob per frame = 1.371118e+02
Total 654 floored variance elements in 116 different mixes
Saving hmm's to dir /mnt/w/BIOITACA/TESIS/2022/Tesis_Experimentacion/001_MCA/HTK_MCA_Tesis/linux_scripts/HMMFiles/NumSt45/HMM14
Reestimation complete - average log prob per frame = 1.281255e+02
     - total frames seen          = 2.745000e+05

HTK Configuration Parameters[1]
  Module/Tool     Parameter                  Value
                  TARGETKIND                  USER

