HERest -A -D -T 1 -s /mnt/w/BIOITACA/TESIS/2022/Tesis_Experimentacion/001_MCA/HTK_MCA_Tesis/linux_scripts/results/Num25/herest.25.9.stats -C /mnt/w/BIOITACA/TESIS/2022/Tesis_Experimentacion/001_MCA/HTK_MCA_Tesis/linux_scripts/config/HTK.config -I /mnt/w/BIOITACA/TESIS/2022/Tesis_Experimentacion/001_MCA/HTK_MCA_Tesis/data/train.mlf -S /mnt/w/BIOITACA/TESIS/2022/Tesis_Experimentacion/001_MCA/HTK_MCA_Tesis/data/mfclist.train -H /mnt/w/BIOITACA/TESIS/2022/Tesis_Experimentacion/001_MCA/HTK_MCA_Tesis/linux_scripts/HMMFiles/NumSt25/HMM8/CONTROL.hmm -H /mnt/w/BIOITACA/TESIS/2022/Tesis_Experimentacion/001_MCA/HTK_MCA_Tesis/linux_scripts/HMMFiles/NumSt25/HMM8/PACIENTE.hmm -H /mnt/w/BIOITACA/TESIS/2022/Tesis_Experimentacion/001_MCA/HTK_MCA_Tesis/linux_scripts/HMMFiles/NumSt25/HMM8/vFloors -L /mnt/w/BIOITACA/TESIS/2022/Tesis_Experimentacion/001_MCA/HTK_MCA_Tesis/data/LAB -M /mnt/w/BIOITACA/TESIS/2022/Tesis_Experimentacion/001_MCA/HTK_MCA_Tesis/linux_scripts/HMMFiles/NumSt25/HMM9 /mnt/w/BIOITACA/TESIS/2022/Tesis_Experimentacion/001_MCA/HTK_MCA_Tesis/linux_scripts/config/units 

HTK Configuration Parameters[1]
  Module/Tool     Parameter                  Value
#                 TARGETKIND                  USER

HERest  ML Updating: Transitions Means Variances MixWeights 

 System is PLAIN
2 Logical/2 Physical Models Loaded, VecSize=42
3 MMF input files
Pruning-Off
 Processing Data: CONTROLES.MCA.1295057.mfc; Label CONTROLES.MCA.1295057.lab
 Utterance prob per frame = 1.143303e+02
 Processing Data: CONTROLES.MCA.1532571.mfc; Label CONTROLES.MCA.1532571.lab
 Utterance prob per frame = 1.237180e+02
 Processing Data: CONTROLES.MCA.1626494.mfc; Label CONTROLES.MCA.1626494.lab
 Utterance prob per frame = 1.514836e+02
 Processing Data: CONTROLES.MCA.1656915.mfc; Label CONTROLES.MCA.1656915.lab
 Utterance prob per frame = 1.087853e+02
 Processing Data: CONTROLES.MCA.2098524.mfc; Label CONTROLES.MCA.2098524.lab
 Utterance prob per frame = 8.476932e+01
 Processing Data: CONTROLES.MCA.3124964.mfc; Label CONTROLES.MCA.3124964.lab
 Utterance prob per frame = 1.184848e+02
 Processing Data: CONTROLES.MCA.3526541.mfc; Label CONTROLES.MCA.3526541.lab
 Utterance prob per frame = 9.461590e+01
 Processing Data: CONTROLES.MCA.4137166.mfc; Label CONTROLES.MCA.4137166.lab
 Utterance prob per frame = 1.024040e+02
 Processing Data: CONTROLES.MCA.4174904.mfc; Label CONTROLES.MCA.4174904.lab
 Utterance prob per frame = 1.040050e+02
 Processing Data: CONTROLES.MCA.6177252.mfc; Label CONTROLES.MCA.6177252.lab
 Utterance prob per frame = 1.030867e+02
 Processing Data: CONTROLES.MCA.6201042.mfc; Label CONTROLES.MCA.6201042.lab
 Utterance prob per frame = 1.110196e+02
 Processing Data: CONTROLES.MCA.6235678.mfc; Label CONTROLES.MCA.6235678.lab
 Utterance prob per frame = 1.117259e+02
 Processing Data: CONTROLES.MCA.6273167.mfc; Label CONTROLES.MCA.6273167.lab
 Utterance prob per frame = 1.277585e+02
 Processing Data: CONTROLES.MCA.6274893.mfc; Label CONTROLES.MCA.6274893.lab
 Utterance prob per frame = 8.610574e+01
 Processing Data: CONTROLES.MCA.6282464.mfc; Label CONTROLES.MCA.6282464.lab
 Utterance prob per frame = 1.333122e+02
 Processing Data: CONTROLES.MCA.6287361.mfc; Label CONTROLES.MCA.6287361.lab
 Utterance prob per frame = 1.216502e+02
 Processing Data: CONTROLES.MCA.6323861.mfc; Label CONTROLES.MCA.6323861.lab
 Utterance prob per frame = 1.256333e+02
 Processing Data: CONTROLES.MCA.6323864.mfc; Label CONTROLES.MCA.6323864.lab
 Utterance prob per frame = 1.049228e+02
 Processing Data: CONTROLES.MCA.6326339.mfc; Label CONTROLES.MCA.6326339.lab
 Utterance prob per frame = 1.001006e+02
 Processing Data: CONTROLES.MCA.6331864.mfc; Label CONTROLES.MCA.6331864.lab
 Utterance prob per frame = 1.042456e+02
 Processing Data: CONTROLES.MCA.6336349.mfc; Label CONTROLES.MCA.6336349.lab
 Utterance prob per frame = 1.284821e+02
 Processing Data: CONTROLES.MCA.6336352.mfc; Label CONTROLES.MCA.6336352.lab
 Utterance prob per frame = 1.280165e+02
 Processing Data: CONTROLES.MCA.6385548.mfc; Label CONTROLES.MCA.6385548.lab
 Utterance prob per frame = 8.388482e+01
 Processing Data: CONTROLES.MCA.6385552.mfc; Label CONTROLES.MCA.6385552.lab
 Utterance prob per frame = 6.474495e+01
 Processing Data: CONTROLES.MCA.6411674.mfc; Label CONTROLES.MCA.6411674.lab
 Utterance prob per frame = 1.450511e+02
 Processing Data: CONTROLES.MCA.6460226.mfc; Label CONTROLES.MCA.6460226.lab
 Utterance prob per frame = 9.191487e+01
 Processing Data: CONTROLES.MCA.6460231.mfc; Label CONTROLES.MCA.6460231.lab
 Utterance prob per frame = 9.873756e+01
 Processing Data: CONTROLES.MCA.6461279.mfc; Label CONTROLES.MCA.6461279.lab
 Utterance prob per frame = 1.287272e+02
 Processing Data: CONTROLES.MCA.6500137.mfc; Label CONTROLES.MCA.6500137.lab
 Utterance prob per frame = 8.444073e+01
 Processing Data: CONTROLES.MCA.6535750.mfc; Label CONTROLES.MCA.6535750.lab
 Utterance prob per frame = 1.126921e+02
 Processing Data: CONTROLES.MCA.6633813.mfc; Label CONTROLES.MCA.6633813.lab
 Utterance prob per frame = 1.182580e+02
 Processing Data: CONTROLES.MCA.6633819.mfc; Label CONTROLES.MCA.6633819.lab
 Utterance prob per frame = 9.432990e+01
 Processing Data: PACIENTES.biV.1371379.mfc; Label PACIENTES.biV.1371379.lab
 Utterance prob per frame = 1.265716e+02
 Processing Data: PACIENTES.biV.1379101.mfc; Label PACIENTES.biV.1379101.lab
 Utterance prob per frame = 1.267118e+02
 Processing Data: PACIENTES.biV.1445671.mfc; Label PACIENTES.biV.1445671.lab
 Utterance prob per frame = 1.347384e+02
 Processing Data: PACIENTES.biV.1674556.mfc; Label PACIENTES.biV.1674556.lab
 Utterance prob per frame = 1.358371e+02
 Processing Data: PACIENTES.biV.4505642.mfc; Label PACIENTES.biV.4505642.lab
 Utterance prob per frame = 1.299714e+02
 Processing Data: PACIENTES.biV.6190472.mfc; Label PACIENTES.biV.6190472.lab
 Utterance prob per frame = 1.363614e+02
 Processing Data: PACIENTES.biV.6218318.mfc; Label PACIENTES.biV.6218318.lab
 Utterance prob per frame = 1.341204e+02
 Processing Data: PACIENTES.biV.6218352.mfc; Label PACIENTES.biV.6218352.lab
 Utterance prob per frame = 1.187022e+02
 Processing Data: PACIENTES.biV.6528495.mfc; Label PACIENTES.biV.6528495.lab
 Utterance prob per frame = 1.160746e+02
 Processing Data: PACIENTES.biV.6529777.mfc; Label PACIENTES.biV.6529777.lab
 Utterance prob per frame = 1.107116e+02
 Processing Data: PACIENTES.biV.6696393.mfc; Label PACIENTES.biV.6696393.lab
 Utterance prob per frame = 1.250717e+02
 Processing Data: PACIENTES.VI.1327986.mfc; Label PACIENTES.VI.1327986.lab
 Utterance prob per frame = 1.335234e+02
 Processing Data: PACIENTES.VI.1665794.mfc; Label PACIENTES.VI.1665794.lab
 Utterance prob per frame = 1.266014e+02
 Processing Data: PACIENTES.VI.2237807.mfc; Label PACIENTES.VI.2237807.lab
 Utterance prob per frame = 1.340752e+02
 Processing Data: PACIENTES.VI.6124653.mfc; Label PACIENTES.VI.6124653.lab
 Utterance prob per frame = 1.110695e+02
 Processing Data: PACIENTES.VI.6191707.mfc; Label PACIENTES.VI.6191707.lab
 Utterance prob per frame = 1.168389e+02
 Processing Data: PACIENTES.VI.6198673.mfc; Label PACIENTES.VI.6198673.lab
 Utterance prob per frame = 1.149022e+02
 Processing Data: PACIENTES.VI.6212030.mfc; Label PACIENTES.VI.6212030.lab
 Utterance prob per frame = 1.192542e+02
 Processing Data: PACIENTES.VI.6246279.mfc; Label PACIENTES.VI.6246279.lab
 Utterance prob per frame = 1.186249e+02
 Processing Data: PACIENTES.VI.6260089.mfc; Label PACIENTES.VI.6260089.lab
 Utterance prob per frame = 1.359114e+02
 Processing Data: PACIENTES.VI.6260092.mfc; Label PACIENTES.VI.6260092.lab
 Utterance prob per frame = 1.126551e+02
 Processing Data: PACIENTES.VI.6287357.mfc; Label PACIENTES.VI.6287357.lab
 Utterance prob per frame = 1.265558e+02
 Processing Data: PACIENTES.VI.6307384.mfc; Label PACIENTES.VI.6307384.lab
 Utterance prob per frame = 1.047741e+02
 Processing Data: PACIENTES.VI.6326340.mfc; Label PACIENTES.VI.6326340.lab
 Utterance prob per frame = 1.067192e+02
 Processing Data: PACIENTES.VI.6370679.mfc; Label PACIENTES.VI.6370679.lab
 Utterance prob per frame = 1.088172e+02
 Processing Data: PACIENTES.VI.6385550.mfc; Label PACIENTES.VI.6385550.lab
 Utterance prob per frame = 1.349667e+02
 Processing Data: PACIENTES.VI.6438018.mfc; Label PACIENTES.VI.6438018.lab
 Utterance prob per frame = 1.346223e+02
 Processing Data: PACIENTES.VI.6439910.mfc; Label PACIENTES.VI.6439910.lab
 Utterance prob per frame = 1.333094e+02
 Processing Data: PACIENTES.VI.6672379.mfc; Label PACIENTES.VI.6672379.lab
 Utterance prob per frame = 1.402293e+02
Total 129 floored variance elements in 34 different mixes
Saving hmm's to dir /mnt/w/BIOITACA/TESIS/2022/Tesis_Experimentacion/001_MCA/HTK_MCA_Tesis/linux_scripts/HMMFiles/NumSt25/HMM9
Reestimation complete - average log prob per frame = 1.167174e+02
     - total frames seen          = 2.745000e+05

HTK Configuration Parameters[1]
  Module/Tool     Parameter                  Value
                  TARGETKIND                  USER

