HERest -A -D -T 1 -s /mnt/w/BIOITACA/TESIS/2022/Tesis_Experimentacion/001_MCA/HTK_MCA_Tesis/linux_scripts/results/Num45/herest.45.15.stats -C /mnt/w/BIOITACA/TESIS/2022/Tesis_Experimentacion/001_MCA/HTK_MCA_Tesis/linux_scripts/config/HTK.config -I /mnt/w/BIOITACA/TESIS/2022/Tesis_Experimentacion/001_MCA/HTK_MCA_Tesis/data/train.mlf -S /mnt/w/BIOITACA/TESIS/2022/Tesis_Experimentacion/001_MCA/HTK_MCA_Tesis/data/mfclist.train -H /mnt/w/BIOITACA/TESIS/2022/Tesis_Experimentacion/001_MCA/HTK_MCA_Tesis/linux_scripts/HMMFiles/NumSt45/HMM14/CONTROL.hmm -H /mnt/w/BIOITACA/TESIS/2022/Tesis_Experimentacion/001_MCA/HTK_MCA_Tesis/linux_scripts/HMMFiles/NumSt45/HMM14/PACIENTE.hmm -H /mnt/w/BIOITACA/TESIS/2022/Tesis_Experimentacion/001_MCA/HTK_MCA_Tesis/linux_scripts/HMMFiles/NumSt45/HMM14/vFloors -L /mnt/w/BIOITACA/TESIS/2022/Tesis_Experimentacion/001_MCA/HTK_MCA_Tesis/data/LAB -M /mnt/w/BIOITACA/TESIS/2022/Tesis_Experimentacion/001_MCA/HTK_MCA_Tesis/linux_scripts/HMMFiles/NumSt45/HMM15 /mnt/w/BIOITACA/TESIS/2022/Tesis_Experimentacion/001_MCA/HTK_MCA_Tesis/linux_scripts/config/units 

HTK Configuration Parameters[1]
  Module/Tool     Parameter                  Value
#                 TARGETKIND                  USER

HERest  ML Updating: Transitions Means Variances MixWeights 

 System is PLAIN
2 Logical/2 Physical Models Loaded, VecSize=42
3 MMF input files
Pruning-Off
 Processing Data: CONTROLES.MCA.1295057.mfc; Label CONTROLES.MCA.1295057.lab
 Utterance prob per frame = 1.328090e+02
 Processing Data: CONTROLES.MCA.1532571.mfc; Label CONTROLES.MCA.1532571.lab
 Utterance prob per frame = 1.377284e+02
 Processing Data: CONTROLES.MCA.1626494.mfc; Label CONTROLES.MCA.1626494.lab
 Utterance prob per frame = 1.547176e+02
 Processing Data: CONTROLES.MCA.1656915.mfc; Label CONTROLES.MCA.1656915.lab
 Utterance prob per frame = 1.220792e+02
 Processing Data: CONTROLES.MCA.2098524.mfc; Label CONTROLES.MCA.2098524.lab
 Utterance prob per frame = 1.269643e+02
 Processing Data: CONTROLES.MCA.3124964.mfc; Label CONTROLES.MCA.3124964.lab
 Utterance prob per frame = 1.370360e+02
 Processing Data: CONTROLES.MCA.3526541.mfc; Label CONTROLES.MCA.3526541.lab
 Utterance prob per frame = 1.155698e+02
 Processing Data: CONTROLES.MCA.4137166.mfc; Label CONTROLES.MCA.4137166.lab
 Utterance prob per frame = 1.299843e+02
 Processing Data: CONTROLES.MCA.4174904.mfc; Label CONTROLES.MCA.4174904.lab
 Utterance prob per frame = 1.210761e+02
 Processing Data: CONTROLES.MCA.6177252.mfc; Label CONTROLES.MCA.6177252.lab
 Utterance prob per frame = 1.235258e+02
 Processing Data: CONTROLES.MCA.6201042.mfc; Label CONTROLES.MCA.6201042.lab
 Utterance prob per frame = 1.305865e+02
 Processing Data: CONTROLES.MCA.6235678.mfc; Label CONTROLES.MCA.6235678.lab
 Utterance prob per frame = 1.296616e+02
 Processing Data: CONTROLES.MCA.6273167.mfc; Label CONTROLES.MCA.6273167.lab
 Utterance prob per frame = 1.389641e+02
 Processing Data: CONTROLES.MCA.6274893.mfc; Label CONTROLES.MCA.6274893.lab
 Utterance prob per frame = 1.050882e+02
 Processing Data: CONTROLES.MCA.6282464.mfc; Label CONTROLES.MCA.6282464.lab
 Utterance prob per frame = 1.360928e+02
 Processing Data: CONTROLES.MCA.6287361.mfc; Label CONTROLES.MCA.6287361.lab
 Utterance prob per frame = 1.383247e+02
 Processing Data: CONTROLES.MCA.6323861.mfc; Label CONTROLES.MCA.6323861.lab
 Utterance prob per frame = 1.367900e+02
 Processing Data: CONTROLES.MCA.6323864.mfc; Label CONTROLES.MCA.6323864.lab
 Utterance prob per frame = 1.280621e+02
 Processing Data: CONTROLES.MCA.6326339.mfc; Label CONTROLES.MCA.6326339.lab
 Utterance prob per frame = 1.175160e+02
 Processing Data: CONTROLES.MCA.6331864.mfc; Label CONTROLES.MCA.6331864.lab
 Utterance prob per frame = 1.180003e+02
 Processing Data: CONTROLES.MCA.6336349.mfc; Label CONTROLES.MCA.6336349.lab
 Utterance prob per frame = 1.430673e+02
 Processing Data: CONTROLES.MCA.6336352.mfc; Label CONTROLES.MCA.6336352.lab
 Utterance prob per frame = 1.405259e+02
 Processing Data: CONTROLES.MCA.6385548.mfc; Label CONTROLES.MCA.6385548.lab
 Utterance prob per frame = 1.059089e+02
 Processing Data: CONTROLES.MCA.6385552.mfc; Label CONTROLES.MCA.6385552.lab
 Utterance prob per frame = 7.027958e+01
 Processing Data: CONTROLES.MCA.6411674.mfc; Label CONTROLES.MCA.6411674.lab
 Utterance prob per frame = 1.506114e+02
 Processing Data: CONTROLES.MCA.6460226.mfc; Label CONTROLES.MCA.6460226.lab
 Utterance prob per frame = 1.129170e+02
 Processing Data: CONTROLES.MCA.6460231.mfc; Label CONTROLES.MCA.6460231.lab
 Utterance prob per frame = 1.204402e+02
 Processing Data: CONTROLES.MCA.6461279.mfc; Label CONTROLES.MCA.6461279.lab
 Utterance prob per frame = 1.420404e+02
 Processing Data: CONTROLES.MCA.6500137.mfc; Label CONTROLES.MCA.6500137.lab
 Utterance prob per frame = 1.132604e+02
 Processing Data: CONTROLES.MCA.6535750.mfc; Label CONTROLES.MCA.6535750.lab
 Utterance prob per frame = 1.287158e+02
 Processing Data: CONTROLES.MCA.6633813.mfc; Label CONTROLES.MCA.6633813.lab
 Utterance prob per frame = 1.318623e+02
 Processing Data: CONTROLES.MCA.6633819.mfc; Label CONTROLES.MCA.6633819.lab
 Utterance prob per frame = 1.220790e+02
 Processing Data: PACIENTES.biV.1371379.mfc; Label PACIENTES.biV.1371379.lab
 Utterance prob per frame = 1.391146e+02
 Processing Data: PACIENTES.biV.1379101.mfc; Label PACIENTES.biV.1379101.lab
 Utterance prob per frame = 1.347575e+02
 Processing Data: PACIENTES.biV.1445671.mfc; Label PACIENTES.biV.1445671.lab
 Utterance prob per frame = 1.420439e+02
 Processing Data: PACIENTES.biV.1674556.mfc; Label PACIENTES.biV.1674556.lab
 Utterance prob per frame = 1.434560e+02
 Processing Data: PACIENTES.biV.4505642.mfc; Label PACIENTES.biV.4505642.lab
 Utterance prob per frame = 1.378887e+02
 Processing Data: PACIENTES.biV.6190472.mfc; Label PACIENTES.biV.6190472.lab
 Utterance prob per frame = 1.472706e+02
 Processing Data: PACIENTES.biV.6218318.mfc; Label PACIENTES.biV.6218318.lab
 Utterance prob per frame = 1.418596e+02
 Processing Data: PACIENTES.biV.6218352.mfc; Label PACIENTES.biV.6218352.lab
 Utterance prob per frame = 1.262099e+02
 Processing Data: PACIENTES.biV.6528495.mfc; Label PACIENTES.biV.6528495.lab
 Utterance prob per frame = 1.237628e+02
 Processing Data: PACIENTES.biV.6529777.mfc; Label PACIENTES.biV.6529777.lab
 Utterance prob per frame = 1.183432e+02
 Processing Data: PACIENTES.biV.6696393.mfc; Label PACIENTES.biV.6696393.lab
 Utterance prob per frame = 1.299422e+02
 Processing Data: PACIENTES.VI.1327986.mfc; Label PACIENTES.VI.1327986.lab
 Utterance prob per frame = 1.395247e+02
 Processing Data: PACIENTES.VI.1665794.mfc; Label PACIENTES.VI.1665794.lab
 Utterance prob per frame = 1.321670e+02
 Processing Data: PACIENTES.VI.2237807.mfc; Label PACIENTES.VI.2237807.lab
 Utterance prob per frame = 1.357737e+02
 Processing Data: PACIENTES.VI.6124653.mfc; Label PACIENTES.VI.6124653.lab
 Utterance prob per frame = 1.197532e+02
 Processing Data: PACIENTES.VI.6191707.mfc; Label PACIENTES.VI.6191707.lab
 Utterance prob per frame = 1.242668e+02
 Processing Data: PACIENTES.VI.6198673.mfc; Label PACIENTES.VI.6198673.lab
 Utterance prob per frame = 1.241707e+02
 Processing Data: PACIENTES.VI.6212030.mfc; Label PACIENTES.VI.6212030.lab
 Utterance prob per frame = 1.270314e+02
 Processing Data: PACIENTES.VI.6246279.mfc; Label PACIENTES.VI.6246279.lab
 Utterance prob per frame = 1.259428e+02
 Processing Data: PACIENTES.VI.6260089.mfc; Label PACIENTES.VI.6260089.lab
 Utterance prob per frame = 1.454276e+02
 Processing Data: PACIENTES.VI.6260092.mfc; Label PACIENTES.VI.6260092.lab
 Utterance prob per frame = 1.220437e+02
 Processing Data: PACIENTES.VI.6287357.mfc; Label PACIENTES.VI.6287357.lab
 Utterance prob per frame = 1.383211e+02
 Processing Data: PACIENTES.VI.6307384.mfc; Label PACIENTES.VI.6307384.lab
 Utterance prob per frame = 1.244033e+02
 Processing Data: PACIENTES.VI.6326340.mfc; Label PACIENTES.VI.6326340.lab
 Utterance prob per frame = 1.165962e+02
 Processing Data: PACIENTES.VI.6370679.mfc; Label PACIENTES.VI.6370679.lab
 Utterance prob per frame = 1.174108e+02
 Processing Data: PACIENTES.VI.6385550.mfc; Label PACIENTES.VI.6385550.lab
 Utterance prob per frame = 1.451867e+02
 Processing Data: PACIENTES.VI.6438018.mfc; Label PACIENTES.VI.6438018.lab
 Utterance prob per frame = 1.467835e+02
 Processing Data: PACIENTES.VI.6439910.mfc; Label PACIENTES.VI.6439910.lab
 Utterance prob per frame = 1.418245e+02
 Processing Data: PACIENTES.VI.6672379.mfc; Label PACIENTES.VI.6672379.lab
 Utterance prob per frame = 1.388830e+02
Total 730 floored variance elements in 120 different mixes
Saving hmm's to dir /mnt/w/BIOITACA/TESIS/2022/Tesis_Experimentacion/001_MCA/HTK_MCA_Tesis/linux_scripts/HMMFiles/NumSt45/HMM15
Reestimation complete - average log prob per frame = 1.297122e+02
     - total frames seen          = 2.745000e+05

HTK Configuration Parameters[1]
  Module/Tool     Parameter                  Value
                  TARGETKIND                  USER

